<?xml version="1.0" encoding="UTF-8"?>
<!-- Generated by org.testng.reporters.JUnitReportReporter -->
<testsuite hostname="DESKTOP-BS0PI3B" failures="0" tests="1" name="com.Testcases.TestScenario_002" time="44.879" errors="0" timestamp="2022-04-24T21:34:15 IST" skipped="0">
  <testcase classname="com.Testcases.TestScenario_002" name="Tc_016" time="44.879"/>
  <system-out/>
</testsuite> <!-- com.Testcases.TestScenario_002 -->
