<?xml version="1.0" encoding="UTF-8"?>
<!-- Generated by org.testng.reporters.JUnitReportReporter -->
<testsuite hostname="DESKTOP-BS0PI3B" failures="0" tests="1" name="com.Testcases.TestScenario_001" time="21.015" errors="0" timestamp="2022-04-21T17:18:46 IST" skipped="0">
  <testcase classname="com.Testcases.TestScenario_001" name="Tc_006" time="21.015"/>
  <system-out/>
</testsuite> <!-- com.Testcases.TestScenario_001 -->
