<?xml version="1.0" encoding="UTF-8"?>
<!-- Generated by org.testng.reporters.JUnitReportReporter -->
<testsuite hostname="DESKTOP-BS0PI3B" failures="0" tests="1" name="com.Testcases.TestScenario_002" time="39.638" errors="0" timestamp="2022-04-23T17:31:24 IST" skipped="0">
  <testcase classname="com.Testcases.TestScenario_002" name="Tc_20" time="39.638"/>
  <system-out/>
</testsuite> <!-- com.Testcases.TestScenario_002 -->
