<?xml version="1.0" encoding="UTF-8"?>
<!-- Generated by org.testng.reporters.JUnitReportReporter -->
<testsuite hostname="DESKTOP-BS0PI3B" failures="0" tests="1" name="com.Testcases.TestScenario_003" time="13.337" errors="0" timestamp="2022-04-23T18:34:16 IST" skipped="0">
  <testcase classname="com.Testcases.TestScenario_003" name="Tc_001" time="13.337"/>
  <system-out/>
</testsuite> <!-- com.Testcases.TestScenario_003 -->
