<?xml version="1.0" encoding="UTF-8"?>
<!-- Generated by org.testng.reporters.JUnitReportReporter -->
<testsuite hostname="DESKTOP-BS0PI3B" failures="0" tests="1" name="com.Testcases.TestScenario_003" time="44.984" errors="0" timestamp="2022-04-24T22:21:01 IST" skipped="0">
  <testcase classname="com.Testcases.TestScenario_003" name="Tc_022" time="44.984"/>
  <system-out/>
</testsuite> <!-- com.Testcases.TestScenario_003 -->
