<?xml version="1.0" encoding="UTF-8"?>
<!-- Generated by org.testng.reporters.JUnitReportReporter -->
<testsuite hostname="DESKTOP-BS0PI3B" failures="0" tests="1" name="com.Testcases.TestScenario_002" time="23.871" errors="0" timestamp="2022-04-22T23:22:28 IST" skipped="0">
  <testcase classname="com.Testcases.TestScenario_002" name="Tc_015" time="23.871"/>
  <system-out/>
</testsuite> <!-- com.Testcases.TestScenario_002 -->
