<?xml version="1.0" encoding="UTF-8"?>
<!-- Generated by org.testng.reporters.JUnitReportReporter -->
<testsuite hostname="DESKTOP-BS0PI3B" failures="0" tests="1" name="com.Testcases.TestScenario_001" time="24.985" errors="0" timestamp="2022-04-21T20:38:16 IST" skipped="0">
  <testcase classname="com.Testcases.TestScenario_001" name="Tc_010" time="24.985"/>
  <system-out/>
</testsuite> <!-- com.Testcases.TestScenario_001 -->
