<?xml version="1.0" encoding="UTF-8"?>
<!-- Generated by org.testng.reporters.JUnitReportReporter -->
<testsuite hostname="DESKTOP-BS0PI3B" failures="0" tests="1" name="com.Testcases.Assignment14" time="11.142" errors="0" timestamp="2022-04-17T21:10:08 IST" skipped="0">
  <testcase classname="com.Testcases.Assignment14" name="Tc0001" time="11.142"/>
  <system-out/>
</testsuite> <!-- com.Testcases.Assignment14 -->
